<?xml version="1.0" encoding="UTF-8"?>
<testsuite name="pascal.taie.analysis.dataflow.analysis.LiveVarTest" tests="6" skipped="0" failures="0" errors="0" timestamp="2022-12-10T13:32:55" hostname="LAPTOP-F3963EU5" time="14.292">
  <properties/>
  <testcase name="Array" classname="pascal.taie.analysis.dataflow.analysis.LiveVarTest" time="4.544"/>
  <testcase name="testBranchLoop" classname="pascal.taie.analysis.dataflow.analysis.LiveVarTest" time="2.129"/>
  <testcase name="Fibonacci" classname="pascal.taie.analysis.dataflow.analysis.LiveVarTest" time="2.014"/>
  <testcase name="Reference" classname="pascal.taie.analysis.dataflow.analysis.LiveVarTest" time="1.933"/>
  <testcase name="testAssign" classname="pascal.taie.analysis.dataflow.analysis.LiveVarTest" time="1.751"/>
  <testcase name="testBranch" classname="pascal.taie.analysis.dataflow.analysis.LiveVarTest" time="1.92"/>
  <system-out><![CDATA[Tai-e starts ...
Writing options to output\options.yml
Writing analysis plan to output\tai-e-plan.yml
WorldBuilder starts ...
Warning: main class 'Array' does not have main(String[]) method!
9834 classes with 97657 methods in the world
WorldBuilder finishes, elapsed time: 3.90s
throw starts ...
1 classes in scope (app) of class analyses
2 methods in scope (app) of method analyses
throw finishes, elapsed time: 0.02s
cfg starts ...
cfg finishes, elapsed time: 0.00s
livevar starts ...
livevar finishes, elapsed time: 0.01s
process-result starts ...
process-result finishes, elapsed time: 0.01s
Tai-e finishes, elapsed time: 4.13s
Tai-e starts ...
Writing options to output\options.yml
Writing analysis plan to output\tai-e-plan.yml
WorldBuilder starts ...
Warning: main class 'BranchLoop' does not have main(String[]) method!
9834 classes with 97658 methods in the world
WorldBuilder finishes, elapsed time: 2.10s
throw starts ...
1 classes in scope (app) of class analyses
3 methods in scope (app) of method analyses
throw finishes, elapsed time: 0.00s
cfg starts ...
cfg finishes, elapsed time: 0.00s
livevar starts ...
livevar finishes, elapsed time: 0.00s
process-result starts ...
process-result finishes, elapsed time: 0.00s
Tai-e finishes, elapsed time: 2.13s
Tai-e starts ...
Writing options to output\options.yml
Writing analysis plan to output\tai-e-plan.yml
WorldBuilder starts ...
Warning: main class 'Fibonacci' does not have main(String[]) method!
9834 classes with 97657 methods in the world
WorldBuilder finishes, elapsed time: 1.99s
throw starts ...
1 classes in scope (app) of class analyses
2 methods in scope (app) of method analyses
throw finishes, elapsed time: 0.00s
cfg starts ...
cfg finishes, elapsed time: 0.00s
livevar starts ...
livevar finishes, elapsed time: 0.00s
process-result starts ...
process-result finishes, elapsed time: 0.00s
Tai-e finishes, elapsed time: 2.01s
Tai-e starts ...
Writing options to output\options.yml
Writing analysis plan to output\tai-e-plan.yml
WorldBuilder starts ...
Warning: main class 'Reference' does not have main(String[]) method!
9837 classes with 97661 methods in the world
WorldBuilder finishes, elapsed time: 1.91s
throw starts ...
4 classes in scope (app) of class analyses
6 methods in scope (app) of method analyses
throw finishes, elapsed time: 0.01s
cfg starts ...
cfg finishes, elapsed time: 0.00s
livevar starts ...
livevar finishes, elapsed time: 0.00s
process-result starts ...
process-result finishes, elapsed time: 0.00s
Tai-e finishes, elapsed time: 1.93s
Tai-e starts ...
Writing options to output\options.yml
Writing analysis plan to output\tai-e-plan.yml
WorldBuilder starts ...
Warning: main class 'Assign' does not have main(String[]) method!
9834 classes with 97657 methods in the world
WorldBuilder finishes, elapsed time: 1.74s
throw starts ...
1 classes in scope (app) of class analyses
2 methods in scope (app) of method analyses
throw finishes, elapsed time: 0.00s
cfg starts ...
cfg finishes, elapsed time: 0.00s
livevar starts ...
livevar finishes, elapsed time: 0.00s
process-result starts ...
process-result finishes, elapsed time: 0.00s
Tai-e finishes, elapsed time: 1.75s
Tai-e starts ...
Writing options to output\options.yml
Writing analysis plan to output\tai-e-plan.yml
WorldBuilder starts ...
Warning: main class 'Branch' does not have main(String[]) method!
9834 classes with 97657 methods in the world
WorldBuilder finishes, elapsed time: 1.90s
throw starts ...
1 classes in scope (app) of class analyses
2 methods in scope (app) of method analyses
throw finishes, elapsed time: 0.00s
cfg starts ...
cfg finishes, elapsed time: 0.00s
livevar starts ...
livevar finishes, elapsed time: 0.00s
process-result starts ...
process-result finishes, elapsed time: 0.00s
Tai-e finishes, elapsed time: 1.92s
]]></system-out>
  <system-err><![CDATA[]]></system-err>
</testsuite>
